TN:
SF:lib/auth/presentation/create_account/create_account_screen.dart
FNF:0
FNH:0
DA:9,1
DA:11,0
DA:13,0
DA:14,0
DA:15,0
DA:17,0
DA:18,0
DA:20,0
DA:52,0
DA:55,0
DA:60,0
DA:62,0
DA:63,0
DA:70,0
DA:74,0
DA:76,0
DA:77,0
DA:78,0
DA:82,0
DA:84,0
DA:89,0
DA:90,0
DA:91,0
DA:93,0
LF:24
LH:1
end_of_record
TN:
SF:lib/auth/presentation/sign_up/sign_up_screen.dart
FNF:0
FNH:0
DA:12,1
DA:18,0
DA:19,0
DA:25,0
DA:27,0
DA:28,0
DA:30,0
DA:38,0
DA:40,0
DA:43,0
DA:46,0
DA:48,0
DA:51,0
DA:70,0
DA:71,0
DA:72,0
DA:74,0
DA:75,0
DA:76,0
DA:80,0
DA:81,0
DA:82,0
DA:83,0
DA:90,0
DA:92,0
DA:98,0
DA:100,0
DA:102,0
DA:104,0
DA:105,0
DA:110,0
DA:111,0
DA:113,0
DA:115,0
DA:118,0
DA:133,0
DA:135,0
DA:137,0
DA:138,0
DA:141,0
DA:143,0
DA:145,0
DA:146,0
DA:147,0
DA:149,0
LF:45
LH:1
end_of_record
TN:
SF:lib/auth/presentation/sing_in/sign_in_screen.dart
FNF:0
FNH:0
DA:11,1
DA:17,1
DA:19,1
DA:20,1
DA:21,1
DA:23,1
DA:24,1
DA:26,1
DA:47,1
DA:50,1
DA:53,1
DA:55,0
DA:58,1
DA:60,1
DA:61,1
DA:68,1
DA:72,1
DA:74,1
DA:75,1
DA:76,1
DA:80,1
DA:82,1
DA:87,1
DA:88,0
DA:89,1
DA:91,1
LF:26
LH:24
end_of_record
TN:
SF:lib/auth/presentation/splash/splash_screen.dart
FNF:0
FNH:0
DA:8,1
DA:13,1
DA:15,1
DA:16,1
DA:17,1
DA:18,1
DA:24,1
DA:25,1
DA:26,1
DA:28,1
DA:34,1
DA:37,1
DA:56,1
DA:58,1
DA:63,1
DA:65,3
LF:16
LH:16
end_of_record
TN:
SF:lib/core/presentation/component/big_button.dart
FNF:0
FNH:0
DA:10,2
DA:16,1
DA:17,1
DA:23,1
DA:25,1
DA:26,0
DA:27,0
DA:28,0
DA:31,0
DA:32,0
DA:33,0
DA:34,0
DA:37,0
DA:38,0
DA:39,0
DA:42,1
DA:43,1
DA:44,1
DA:45,1
DA:48,1
DA:50,1
DA:51,1
DA:52,2
DA:53,1
LF:24
LH:14
end_of_record
TN:
SF:lib/core/presentation/component/chef_profile.dart
FNF:0
FNH:0
DA:12,0
DA:18,0
DA:20,0
DA:23,0
DA:24,0
DA:25,0
DA:26,0
DA:27,0
DA:32,0
DA:34,0
DA:36,0
DA:37,0
DA:41,0
DA:42,0
DA:48,0
DA:49,0
DA:51,0
DA:59,0
DA:60,0
DA:61,0
DA:62,0
DA:63,0
DA:66,0
DA:69,0
DA:70,0
DA:72,0
LF:26
LH:0
end_of_record
TN:
SF:lib/core/presentation/component/custom_checkbox.dart
FNF:0
FNH:0
DA:10,0
DA:17,0
DA:19,0
DA:20,0
DA:21,0
DA:23,0
DA:24,0
DA:25,0
DA:27,0
DA:28,0
DA:30,0
DA:31,0
DA:33,0
LF:13
LH:0
end_of_record
TN:
SF:lib/core/presentation/component/custom_text_field.dart
FNF:0
FNH:0
DA:11,2
DA:18,1
DA:20,1
DA:22,1
DA:23,1
DA:24,1
DA:25,1
DA:29,1
DA:30,1
DA:31,1
DA:42,0
LF:11
LH:10
end_of_record
TN:
SF:lib/core/presentation/component/dish_card.dart
FNF:0
FNH:0
DA:13,0
DA:21,0
DA:23,0
DA:24,0
DA:25,0
DA:28,0
DA:29,0
DA:31,0
DA:33,0
DA:40,0
DA:41,0
DA:42,0
DA:44,0
DA:52,0
DA:55,0
DA:56,0
DA:57,0
DA:62,0
DA:65,0
DA:67,0
DA:73,0
DA:76,0
DA:77,0
DA:78,0
DA:85,0
DA:86,0
DA:91,0
DA:100,0
DA:103,0
DA:106,0
DA:107,0
DA:108,0
DA:114,0
DA:117,0
DA:124,0
DA:126,0
DA:132,0
DA:133,0
LF:38
LH:0
end_of_record
TN:
SF:lib/core/presentation/component/icon_box.dart
FNF:0
FNH:0
DA:7,1
DA:9,0
DA:11,0
DA:13,0
DA:14,0
DA:16,0
DA:17,0
DA:18,0
DA:19,0
DA:26,0
DA:28,0
DA:29,0
LF:12
LH:1
end_of_record
TN:
SF:lib/core/presentation/component/ingredient_card.dart
FNF:0
FNH:0
DA:9,0
DA:14,0
DA:16,0
DA:19,0
DA:20,0
DA:22,0
DA:24,0
DA:26,0
DA:27,0
DA:28,0
DA:30,0
DA:33,0
DA:34,0
DA:35,0
DA:36,0
DA:42,0
DA:44,0
DA:45,0
DA:50,0
DA:52,0
DA:53,0
DA:55,0
LF:22
LH:0
end_of_record
TN:
SF:lib/core/presentation/component/input_field.dart
FNF:0
FNH:0
DA:10,1
DA:17,0
DA:19,0
DA:22,0
DA:24,0
DA:25,0
DA:26,0
DA:28,0
DA:29,0
DA:30,0
DA:31,0
DA:32,0
DA:35,0
DA:36,0
DA:39,0
DA:41,0
LF:16
LH:1
end_of_record
TN:
SF:lib/core/presentation/component/medium_button.dart
FNF:0
FNH:0
DA:10,1
DA:16,1
DA:17,1
DA:23,1
DA:25,1
DA:26,1
DA:27,2
DA:28,1
DA:31,1
DA:32,2
DA:33,1
DA:34,3
DA:37,0
DA:38,0
DA:39,0
DA:42,1
DA:44,1
DA:45,1
DA:46,1
DA:49,1
DA:51,1
DA:52,1
DA:53,2
DA:54,1
LF:24
LH:21
end_of_record
TN:
SF:lib/core/presentation/component/new_recipe_card.dart
FNF:0
FNH:0
DA:10,0
DA:15,0
DA:17,0
DA:20,0
DA:21,0
DA:22,0
DA:24,0
DA:27,0
DA:29,0
DA:31,0
DA:36,0
DA:38,0
DA:39,0
DA:42,0
DA:43,0
DA:44,0
DA:50,0
DA:51,0
DA:52,0
DA:53,0
DA:61,0
DA:62,0
DA:63,0
DA:66,0
DA:67,0
DA:68,0
DA:73,0
DA:74,0
DA:75,0
DA:80,0
DA:86,0
DA:87,0
DA:88,0
DA:99,0
DA:101,0
DA:104,0
DA:105,0
DA:106,0
LF:38
LH:0
end_of_record
TN:
SF:lib/core/presentation/component/procedure_card.dart
FNF:0
FNH:0
DA:9,0
DA:11,0
DA:13,0
DA:16,0
DA:20,0
DA:23,0
DA:25,0
DA:26,0
DA:27,0
DA:33,0
DA:34,0
DA:36,0
LF:12
LH:0
end_of_record
TN:
SF:lib/core/presentation/component/recipe_card.dart
FNF:0
FNH:0
DA:10,0
DA:16,0
DA:18,0
DA:19,0
DA:20,0
DA:22,0
DA:23,0
DA:24,0
DA:25,0
DA:26,0
DA:27,0
DA:30,0
DA:31,0
DA:32,0
DA:34,0
DA:35,0
DA:36,0
DA:37,0
DA:44,0
DA:47,0
DA:48,0
DA:49,0
DA:51,0
DA:52,0
DA:61,0
DA:64,0
DA:66,0
DA:69,0
DA:70,0
DA:72,0
DA:73,0
DA:75,0
DA:78,0
DA:79,0
DA:87,0
DA:90,0
DA:92,0
DA:94,0
DA:95,0
DA:98,0
DA:100,0
DA:102,0
DA:108,0
DA:110,0
DA:111,0
DA:113,0
DA:122,0
DA:125,0
DA:127,0
DA:128,0
DA:137,0
DA:138,0
DA:139,0
DA:142,0
DA:144,0
DA:145,0
DA:147,0
DA:149,0
LF:58
LH:0
end_of_record
TN:
SF:lib/core/presentation/component/recipe_category_picker.dart
FNF:0
FNH:0
DA:10,0
DA:17,0
DA:19,0
DA:21,0
DA:22,0
DA:23,0
DA:24,0
DA:26,0
DA:27,0
DA:30,0
DA:32,0
DA:33,0
DA:35,0
DA:44,0
DA:49,0
DA:51,0
DA:53,0
DA:54,0
DA:64,0
DA:69,0
DA:71,0
DA:77,0
DA:78,0
LF:23
LH:0
end_of_record
TN:
SF:lib/core/presentation/component/recipe_picture.dart
FNF:0
FNH:0
DA:9,0
DA:14,0
DA:16,0
DA:17,0
DA:18,0
DA:19,0
DA:20,0
DA:21,0
DA:22,0
DA:23,0
DA:26,0
DA:27,0
DA:28,0
DA:30,0
DA:31,0
DA:32,0
DA:33,0
DA:40,0
DA:43,0
DA:44,0
DA:45,0
DA:47,0
DA:48,0
DA:57,0
DA:60,0
DA:62,0
DA:64,0
DA:65,0
DA:68,0
DA:70,0
DA:72,0
DA:78,0
DA:80,0
DA:81,0
DA:83,0
DA:92,0
DA:95,0
DA:97,0
DA:98,0
DA:107,0
DA:108,0
DA:109,0
DA:112,0
DA:114,0
DA:115,0
DA:117,0
DA:119,0
DA:135,0
DA:138,0
DA:141,0
DA:142,0
DA:144,0
DA:145,0
DA:149,0
DA:152,0
LF:55
LH:0
end_of_record
TN:
SF:lib/core/presentation/component/search.dart
FNF:0
FNH:0
DA:10,0
DA:17,0
DA:19,0
DA:22,0
DA:24,0
DA:25,0
DA:26,0
DA:27,0
DA:28,0
DA:29,0
DA:31,0
DA:32,0
DA:35,0
DA:36,0
DA:39,0
DA:45,0
DA:48,0
DA:50,0
DA:51,0
DA:53,0
DA:55,0
DA:57,0
LF:22
LH:0
end_of_record
TN:
SF:lib/core/presentation/component/search_image.dart
FNF:0
FNH:0
DA:9,0
DA:14,0
DA:16,0
DA:17,0
DA:18,0
DA:19,0
DA:20,0
DA:22,0
DA:23,0
DA:24,0
DA:25,0
DA:31,0
DA:32,0
DA:33,0
DA:35,0
DA:36,0
DA:44,0
DA:47,0
DA:50,0
DA:51,0
DA:53,0
DA:54,0
DA:56,0
DA:59,0
DA:60,0
DA:67,0
DA:70,0
DA:72,0
DA:73,0
DA:76,0
DA:78,0
DA:80,0
DA:86,0
DA:88,0
DA:89,0
DA:91,0
LF:36
LH:0
end_of_record
TN:
SF:lib/core/presentation/component/small_box.dart
FNF:0
FNH:0
DA:6,0
DA:8,0
DA:10,0
DA:12,0
DA:13,0
LF:5
LH:0
end_of_record
TN:
SF:lib/core/presentation/component/text_field_for_move.dart
FNF:0
FNH:0
DA:10,1
DA:16,0
DA:18,0
DA:21,0
DA:23,0
DA:24,0
DA:25,0
DA:26,0
DA:27,0
DA:29,0
DA:30,0
DA:31,0
DA:33,0
DA:34,0
DA:37,0
DA:43,0
DA:48,0
DA:50,0
DA:51,0
DA:53,0
DA:55,0
DA:57,0
LF:22
LH:1
end_of_record
TN:
SF:lib/di/app_module.dart
FNF:0
FNH:0
DA:15,0
DA:17,0
DA:19,0
DA:21,0
DA:23,0
DA:25,0
DA:27,0
DA:29,0
DA:31,0
DA:33,0
DA:34,0
DA:35,0
DA:36,0
DA:37,0
LF:14
LH:0
end_of_record
TN:
SF:lib/di/dev_module.dart
FNF:0
FNH:0
DA:13,0
DA:15,0
DA:17,0
DA:19,0
DA:21,0
DA:23,0
DA:25,0
DA:27,0
LF:8
LH:0
end_of_record
TN:
SF:lib/di/di_setup.dart
FNF:0
FNH:0
DA:6,3
DA:8,1
DA:9,2
LF:3
LH:3
end_of_record
TN:
SF:lib/main.dart
FNF:0
FNH:0
DA:8,0
DA:9,0
DA:10,0
DA:14,2
DA:17,1
DA:19,3
DA:25,1
DA:27,1
DA:28,1
DA:29,1
DA:31,2
LF:11
LH:8
end_of_record
TN:
SF:lib/recipe/data/data_source/ingredient/mock_ingredient_data_source.dart
FNF:0
FNH:0
DA:63,0
DA:65,0
LF:2
LH:0
end_of_record
TN:
SF:lib/recipe/data/data_source/procedure/mock_procedure_data_source.dart
FNF:0
FNH:0
DA:108,0
DA:110,0
LF:2
LH:0
end_of_record
TN:
SF:lib/recipe/data/data_source/profile/mock_profile_data_source.dart
FNF:0
FNH:0
DA:78,0
DA:80,0
LF:2
LH:0
end_of_record
TN:
SF:lib/recipe/data/data_source/recipe/mock_recipe_data_source.dart
FNF:0
FNH:0
DA:303,0
DA:305,0
LF:2
LH:0
end_of_record
TN:
SF:lib/recipe/data/repository/ingredient_repository_impl.dart
FNF:0
FNH:0
DA:9,0
DA:13,0
DA:16,0
DA:17,0
LF:4
LH:0
end_of_record
TN:
SF:lib/recipe/data/repository/mock_recipe_repository_impl.dart
FNF:0
FNH:0
DA:304,0
DA:306,0
DA:308,0
LF:3
LH:0
end_of_record
TN:
SF:lib/recipe/data/repository/procedure_repository_impl.dart
FNF:0
FNH:0
DA:9,0
DA:13,0
DA:16,0
DA:17,0
LF:4
LH:0
end_of_record
TN:
SF:lib/recipe/data/repository/profile_repository_impl.dart
FNF:0
FNH:0
DA:9,0
DA:13,0
DA:16,0
DA:17,0
LF:4
LH:0
end_of_record
TN:
SF:lib/recipe/data/repository/recipe_repository_impl.dart
FNF:0
FNH:0
DA:9,0
DA:13,0
DA:16,0
DA:17,0
LF:4
LH:0
end_of_record
TN:
SF:lib/recipe/data/repository/saved_recipe_repository_impl.dart
FNF:0
FNH:0
DA:9,0
DA:13,0
DA:16,0
DA:17,0
LF:4
LH:0
end_of_record
TN:
SF:lib/recipe/data/repository/user_repository_impl.dart
FNF:0
FNH:0
DA:12,0
DA:14,0
LF:2
LH:0
end_of_record
TN:
SF:lib/recipe/domain/use_case/get_categories_use_case.dart
FNF:0
FNH:0
DA:8,0
DA:10,0
DA:11,0
DA:14,0
DA:15,0
DA:17,0
DA:19,0
DA:20,0
LF:8
LH:0
end_of_record
TN:
SF:lib/recipe/domain/use_case/get_new_recipes_use_case.dart
FNF:0
FNH:0
DA:9,0
DA:11,0
DA:12,0
DA:14,0
DA:15,0
DA:16,0
DA:17,0
LF:7
LH:0
end_of_record
TN:
SF:lib/recipe/domain/use_case/get_recipes_by_category_use_case.dart
FNF:0
FNH:0
DA:8,0
DA:10,0
DA:11,0
DA:14,0
DA:15,0
DA:16,0
DA:18,0
DA:19,0
DA:20,0
DA:21,0
LF:10
LH:0
end_of_record
TN:
SF:lib/recipe/domain/use_case/get_user_use_case.dart
FNF:0
FNH:0
DA:8,0
DA:10,0
DA:12,0
DA:18,0
LF:4
LH:0
end_of_record
TN:
SF:lib/recipe/presentation/main/home/home_screen.dart
FNF:0
FNH:0
DA:16,1
DA:18,0
DA:20,0
DA:21,0
DA:22,0
DA:24,0
DA:25,0
DA:28,0
DA:30,0
DA:31,0
DA:33,0
DA:34,0
DA:35,0
DA:38,0
DA:41,0
DA:45,0
DA:46,0
DA:47,0
DA:55,0
DA:56,0
DA:57,0
DA:59,0
DA:60,0
DA:61,0
DA:62,0
DA:63,0
DA:69,0
DA:70,0
DA:71,0
DA:73,0
DA:75,0
DA:76,0
DA:77,0
DA:78,0
DA:80,0
DA:83,0
DA:84,0
DA:86,0
DA:87,0
DA:92,0
DA:104,0
DA:105,0
DA:106,0
DA:108,0
DA:110,0
DA:111,0
DA:112,0
DA:113,0
DA:115,0
DA:118,0
LF:50
LH:1
end_of_record
TN:
SF:lib/recipe/presentation/main/home/home_view_model.dart
FNF:0
FNH:0
DA:17,0
DA:26,0
DA:27,0
DA:28,0
DA:29,0
DA:42,0
DA:44,0
DA:45,0
DA:47,0
DA:48,0
DA:49,0
DA:50,0
DA:55,0
DA:56,0
DA:58,0
DA:59,0
DA:60,0
DA:61,0
DA:66,0
DA:67,0
DA:69,0
DA:70,0
DA:71,0
DA:73,0
DA:74,0
DA:79,0
DA:80,0
DA:82,0
DA:83,0
DA:84,0
DA:85,0
DA:90,0
DA:91,0
DA:92,0
DA:94,0
LF:35
LH:0
end_of_record
TN:
SF:lib/recipe/presentation/main/main_screen.dart
FNF:0
FNH:0
DA:24,0
DA:26,0
DA:27,0
DA:58,0
DA:60,0
DA:61,0
DA:62,0
DA:63,0
DA:64,0
DA:65,0
DA:67,0
DA:68,0
DA:69,0
DA:70,0
DA:71,0
DA:74,0
DA:75,0
DA:76,0
DA:77,0
DA:84,0
DA:87,0
DA:89,0
DA:90,0
DA:91,0
DA:94,0
DA:95,0
DA:96,0
DA:97,0
DA:99,0
DA:100,0
DA:101,0
LF:31
LH:0
end_of_record
TN:
SF:lib/recipe/presentation/main/notification/notification_screen.dart
FNF:0
FNH:0
DA:4,1
DA:6,0
DA:7,0
DA:11,0
LF:4
LH:1
end_of_record
TN:
SF:lib/recipe/presentation/main/profile/profile_screen.dart
FNF:0
FNH:0
DA:4,1
DA:6,0
DA:7,0
DA:11,0
LF:4
LH:1
end_of_record
TN:
SF:lib/recipe/presentation/main/saved_recipe/saved_recipe_screen.dart
FNF:0
FNH:0
DA:9,1
DA:11,0
DA:13,0
DA:14,0
DA:15,0
DA:25,0
DA:29,0
DA:30,0
DA:32,0
DA:33,0
DA:35,0
DA:36,0
DA:40,0
LF:13
LH:1
end_of_record
TN:
SF:lib/recipe/presentation/main/saved_recipe/saved_recipe_view_model.dart
FNF:0
FNH:0
DA:10,0
DA:11,0
DA:16,0
DA:18,0
DA:20,0
DA:21,0
DA:22,0
DA:24,0
DA:26,0
DA:27,0
DA:28,0
DA:29,0
DA:30,0
DA:31,0
LF:14
LH:0
end_of_record
TN:
SF:lib/recipe/presentation/recipe_ingredient/recipe_ingredient_screen.dart
FNF:0
FNH:0
DA:16,0
DA:18,0
DA:19,0
DA:26,0
DA:28,0
DA:29,0
DA:30,0
DA:33,0
DA:34,0
DA:35,0
DA:36,0
DA:40,0
DA:42,0
DA:43,0
DA:44,0
DA:47,0
DA:49,0
DA:50,0
DA:52,0
DA:53,0
DA:54,0
DA:55,0
DA:61,0
DA:63,0
DA:64,0
DA:65,0
DA:69,0
DA:70,0
DA:77,0
DA:78,0
DA:79,0
DA:80,0
DA:81,0
DA:83,0
DA:85,0
DA:87,0
DA:88,0
DA:106,0
DA:108,0
DA:114,0
DA:117,0
DA:118,0
DA:119,0
DA:123,0
DA:126,0
DA:129,0
DA:130,0
DA:131,0
DA:132,0
DA:134,0
DA:139,0
DA:140,0
DA:141,0
DA:142,0
DA:143,0
DA:145,0
DA:146,0
DA:147,0
DA:148,0
DA:150,0
DA:151,0
DA:152,0
LF:62
LH:0
end_of_record
TN:
SF:lib/recipe/presentation/recipe_ingredient/recipe_ingredient_view_model.dart
FNF:0
FNH:0
DA:18,0
DA:25,0
DA:26,0
DA:27,0
DA:42,0
DA:44,0
DA:46,0
DA:48,0
DA:50,0
DA:51,0
DA:52,0
DA:55,0
DA:56,0
DA:58,0
DA:59,0
DA:60,0
DA:61,0
DA:62,0
DA:63,0
DA:67,0
DA:68,0
DA:70,0
DA:71,0
DA:72,0
DA:73,0
DA:77,0
DA:78,0
DA:79,0
DA:81,0
DA:83,0
LF:30
LH:0
end_of_record
TN:
SF:lib/recipe/presentation/search/search_screen.dart
FNF:0
FNH:0
DA:9,1
DA:11,0
DA:13,0
DA:14,0
DA:15,0
DA:22,0
DA:24,0
DA:25,0
DA:27,0
DA:36,0
DA:40,0
DA:41,0
DA:43,0
DA:49,0
DA:50,0
DA:51,0
LF:16
LH:1
end_of_record
TN:
SF:lib/recipe/presentation/search/search_view_model.dart
FNF:0
FNH:0
DA:9,0
DA:12,0
DA:18,0
DA:20,0
DA:22,0
DA:23,0
DA:24,0
DA:26,0
DA:28,0
DA:29,0
DA:30,0
DA:31,0
DA:32,0
DA:33,0
DA:37,0
DA:38,0
DA:40,0
DA:41,0
DA:42,0
DA:43,0
DA:44,0
DA:45,0
DA:46,0
LF:23
LH:0
end_of_record
TN:
SF:lib/router/router.dart
FNF:0
FNH:0
DA:19,3
DA:21,1
DA:28,1
DA:30,2
DA:31,2
DA:34,1
DA:36,2
DA:37,0
DA:38,0
DA:40,0
DA:41,0
DA:45,1
DA:47,0
DA:49,1
DA:51,0
DA:53,1
DA:55,0
DA:56,0
DA:57,0
DA:61,1
DA:63,0
DA:64,0
DA:65,0
DA:66,0
DA:67,0
DA:70,1
DA:72,0
DA:73,0
DA:74,0
DA:75,0
DA:76,0
LF:31
LH:12
end_of_record
TN:
SF:lib/ui/theme.dart
FNF:0
FNH:0
DA:6,1
DA:8,1
DA:59,1
DA:60,2
DA:63,0
DA:114,0
DA:115,0
DA:118,0
DA:169,0
DA:170,0
DA:173,0
DA:224,0
DA:225,0
DA:228,0
DA:279,0
DA:280,0
DA:283,0
DA:334,0
DA:335,0
DA:339,2
DA:341,1
DA:343,2
DA:344,1
DA:345,1
DA:347,1
DA:348,1
DA:436,0
DA:451,1
DA:464,1
LF:29
LH:13
end_of_record
TN:
SF:lib/ui/util.dart
FNF:0
FNH:0
DA:4,1
DA:6,2
DA:7,1
DA:9,1
DA:10,1
DA:11,1
DA:12,1
DA:13,1
DA:14,1
DA:15,1
DA:16,1
LF:11
LH:11
end_of_record
